sample-integration-android/build/outputs/logs/manifest-merger-release-report.txt
-- Merging decision tree log ---
manifest
ADDED from woodcoin-wallet/sample-integration-android/AndroidManifest.xml:2:1-31:12
	package
		ADDED from woodcoin-wallet/sample-integration-android/AndroidManifest.xml:3:2-51
	android:versionName
		ADDED from woodcoin-wallet/sample-integration-android/AndroidManifest.xml:5:2-27
		INJECTED from woodcoin-wallet/sample-integration-android/AndroidManifest.xml
		INJECTED from woodcoin-wallet/sample-integration-android/AndroidManifest.xml
	android:versionCode
		ADDED from woodcoin-wallet/sample-integration-android/AndroidManifest.xml:4:2-25
		INJECTED from woodcoin-wallet/sample-integration-android/AndroidManifest.xml
		INJECTED from woodcoin-wallet/sample-integration-android/AndroidManifest.xml
	xmlns:android
		ADDED from woodcoin-wallet/sample-integration-android/AndroidManifest.xml:2:11-69
uses-sdk
ADDED from woodcoin-wallet/sample-integration-android/AndroidManifest.xml:7:2-41
	android:minSdkVersion
		ADDED from woodcoin-wallet/sample-integration-android/AndroidManifest.xml:7:12-38
uses-feature#android.hardware.touchscreen
ADDED from woodcoin-wallet/sample-integration-android/AndroidManifest.xml:9:2-11:30
	android:required
		ADDED from woodcoin-wallet/sample-integration-android/AndroidManifest.xml:11:3-27
	android:name
		ADDED from woodcoin-wallet/sample-integration-android/AndroidManifest.xml:10:3-46
supports-screens
ADDED from woodcoin-wallet/sample-integration-android/AndroidManifest.xml:13:2-17:33
	android:largeScreens
		ADDED from woodcoin-wallet/sample-integration-android/AndroidManifest.xml:15:3-30
	android:smallScreens
		ADDED from woodcoin-wallet/sample-integration-android/AndroidManifest.xml:17:3-30
	android:normalScreens
		ADDED from woodcoin-wallet/sample-integration-android/AndroidManifest.xml:16:3-31
	android:anyDensity
		ADDED from woodcoin-wallet/sample-integration-android/AndroidManifest.xml:14:3-28
application
ADDED from woodcoin-wallet/sample-integration-android/AndroidManifest.xml:19:2-29:16
	android:label
		ADDED from woodcoin-wallet/sample-integration-android/AndroidManifest.xml:19:15-60
activity#de.schildbach.wallet.integration.sample.SampleActivity
ADDED from woodcoin-wallet/sample-integration-android/AndroidManifest.xml:20:3-28:14
	android:theme
		ADDED from woodcoin-wallet/sample-integration-android/AndroidManifest.xml:22:4-46
	android:name
		ADDED from woodcoin-wallet/sample-integration-android/AndroidManifest.xml:21:4-73
intent-filter#android.intent.action.MAIN+android.intent.category.LAUNCHER
ADDED from woodcoin-wallet/sample-integration-android/AndroidManifest.xml:23:4-27:20
action#android.intent.action.MAIN
ADDED from woodcoin-wallet/sample-integration-android/AndroidManifest.xml:24:5-57
	android:name
		ADDED from woodcoin-wallet/sample-integration-android/AndroidManifest.xml:24:13-54
category#android.intent.category.LAUNCHER
ADDED from woodcoin-wallet/sample-integration-android/AndroidManifest.xml:26:5-65
	android:name
		ADDED from woodcoin-wallet/sample-integration-android/AndroidManifest.xml:26:15-62